<?xml version="1.0" encoding="UTF-8"?>
<testsuite name="com.vbutrim.index.DocumentTokenizerTest" tests="1" skipped="0" failures="0" errors="0" timestamp="2022-10-23T14:38:31" hostname="LAPTOP-P6F8B0P0" time="0.034">
  <properties/>
  <testcase name="should()" classname="com.vbutrim.index.DocumentTokenizerTest" time="0.034"/>
  <system-out><![CDATA[]]></system-out>
  <system-err><![CDATA[]]></system-err>
</testsuite>
